<?xml version="1.0" encoding="UTF-8"?>
<!-- Generated by org.testng.reporters.JUnitXMLReporter -->
<testsuite hostname="Sotateks-MacBook-Pro.local" ignored="0" name="Test" tests="2" failures="1" timestamp="2021-05-04T16:30:02 ICT" time="42.447" errors="0">
  <testcase name="TC_01" time="8.274" classname="excute.TS03"/>
  <testcase name="TC_02" time="11.213" classname="excute.TS03">
    <failure type="java.lang.AssertionError" message="Qua thoi gian nhung khong thay hoac thay doi tuong no such element: Unable to locate element: {&amp;quot;method&amp;quot;:&amp;quot;xpath&amp;quot;,&amp;quot;selector&amp;quot;:&amp;quot;//button/*[text()=&amp;apos;Lập hóa đơn&amp;apos;]&amp;quot;}
  (Session info: chrome=90.0.4430.93)
For documentation on this error, please visit: https://www.seleniumhq.org/exceptions/no_such_element.html
Build info: version: &amp;apos;3.141.59&amp;apos;, revision: &amp;apos;e82be7d358&amp;apos;, time: &amp;apos;2018-11-14T08:17:03&amp;apos;
System info: host: &amp;apos;Sotateks-MacBook-Pro.local&amp;apos;, ip: &amp;apos;fe80:0:0:0:8b5:40df:8a56:1d1f%en0&amp;apos;, os.name: &amp;apos;Mac OS X&amp;apos;, os.arch: &amp;apos;x86_64&amp;apos;, os.version: &amp;apos;10.16&amp;apos;, java.version: &amp;apos;1.8.0_291&amp;apos;
Driver info: org.openqa.selenium.chrome.ChromeDriver
Capabilities {acceptInsecureCerts: false, browserName: chrome, browserVersion: 90.0.4430.93, chrome: {chromedriverVersion: 90.0.4430.24 (4c6d850f087da..., userDataDir: /var/folders/m6/4rkbky096n1...}, goog:chromeOptions: {debuggerAddress: localhost:61262}, javascriptEnabled: true, networkConnectionEnabled: false, pageLoadStrategy: normal, platform: MAC, platformName: MAC, proxy: Proxy(), setWindowRect: true, strictFileInteractability: false, timeouts: {implicit: 0, pageLoad: 300000, script: 30000}, unhandledPromptBehavior: dismiss and notify, webauthn:extension:largeBlob: true, webauthn:virtualAuthenticators: true}
Session ID: 9709643f97a850156af70b75076b4bee
*** Element info: {Using=xpath, value=//button/*[text()=&amp;apos;Lập hóa đơn&amp;apos;]}">
      <![CDATA[java.lang.AssertionError: Qua thoi gian nhung khong thay hoac thay doi tuong no such element: Unable to locate element: {"method":"xpath","selector":"//button/*[text()='Lập hóa đơn']"}
  (Session info: chrome=90.0.4430.93)
For documentation on this error, please visit: https://www.seleniumhq.org/exceptions/no_such_element.html
Build info: version: '3.141.59', revision: 'e82be7d358', time: '2018-11-14T08:17:03'
System info: host: 'Sotateks-MacBook-Pro.local', ip: 'fe80:0:0:0:8b5:40df:8a56:1d1f%en0', os.name: 'Mac OS X', os.arch: 'x86_64', os.version: '10.16', java.version: '1.8.0_291'
Driver info: org.openqa.selenium.chrome.ChromeDriver
Capabilities {acceptInsecureCerts: false, browserName: chrome, browserVersion: 90.0.4430.93, chrome: {chromedriverVersion: 90.0.4430.24 (4c6d850f087da..., userDataDir: /var/folders/m6/4rkbky096n1...}, goog:chromeOptions: {debuggerAddress: localhost:61262}, javascriptEnabled: true, networkConnectionEnabled: false, pageLoadStrategy: normal, platform: MAC, platformName: MAC, proxy: Proxy(), setWindowRect: true, strictFileInteractability: false, timeouts: {implicit: 0, pageLoad: 300000, script: 30000}, unhandledPromptBehavior: dismiss and notify, webauthn:extension:largeBlob: true, webauthn:virtualAuthenticators: true}
Session ID: 9709643f97a850156af70b75076b4bee
*** Element info: {Using=xpath, value=//button/*[text()='Lập hóa đơn']}
at common.CommonBase.checkCycling(CommonBase.java:171)
at common.CommonBase.getElement(CommonBase.java:157)
at common.CommonBase.getElement(CommonBase.java:159)
at common.CommonBase.getElement(CommonBase.java:159)
at common.CommonBase.getElement(CommonBase.java:159)
at common.CommonBase.getElement(CommonBase.java:159)
at common.CommonBase.getElement(CommonBase.java:159)
at common.CommonBase.getElement(CommonBase.java:159)
at common.CommonBase.getElement(CommonBase.java:159)
at common.CommonBase.getElement(CommonBase.java:159)
at common.CommonBase.getElement(CommonBase.java:159)
at common.CommonBase.getElement(CommonBase.java:159)
at common.CommonBase.getElement(CommonBase.java:159)
at common.CommonBase.click(CommonBase.java:408)
at excute.TS03.TC_02(TS03.java:52)
at java.util.ArrayList.forEach(ArrayList.java:1259)
... Removed 28 stack frames]]>
    </failure>
  </testcase> <!-- TC_02 -->
</testsuite> <!-- Test -->
