<?xml version="1.0" encoding="UTF-8"?>
<!-- Generated by org.testng.reporters.JUnitReportReporter -->
<testsuite skipped="0" hostname="Sotateks-MacBook-Pro.local" name="excute.TS_ThemGioHang" tests="4" failures="3" timestamp="2021-06-16T20:53:04 ICT" time="115.797" errors="0">
  <testcase name="TC_04_LuuSanPhamTrongGioHang" time="46.674" classname="excute.TS_ThemGioHang">
    <failure type="java.lang.AssertionError" message="Qua thoi gian nhung khong thay hoac thay doi tuong no such element: Unable to locate element: {&quot;method&quot;:&quot;xpath&quot;,&quot;selector&quot;:&quot;//table[@class=&#039;table table-bordered table-responsive cart_summary&#039;]/tbody/tr[1]/td[1]&quot;}
  (Session info: chrome=91.0.4472.101)
For documentation on this error, please visit: https://www.seleniumhq.org/exceptions/no_such_element.html
Build info: version: &#039;3.141.59&#039;, revision: &#039;e82be7d358&#039;, time: &#039;2018-11-14T08:17:03&#039;
System info: host: &#039;Sotateks-MacBook-Pro.local&#039;, ip: &#039;fe80:0:0:0:14e4:8314:f936:1c81%en0&#039;, os.name: &#039;Mac OS X&#039;, os.arch: &#039;x86_64&#039;, os.version: &#039;10.16&#039;, java.version: &#039;1.8.0_291&#039;
Driver info: org.openqa.selenium.chrome.ChromeDriver
Capabilities {acceptInsecureCerts: false, browserName: chrome, browserVersion: 91.0.4472.101, chrome: {chromedriverVersion: 91.0.4472.101 (af52a90bf870..., userDataDir: /var/folders/m6/4rkbky096n1...}, goog:chromeOptions: {debuggerAddress: localhost:63056}, javascriptEnabled: true, networkConnectionEnabled: false, pageLoadStrategy: normal, platform: MAC, platformName: MAC, proxy: Proxy(), setWindowRect: true, strictFileInteractability: false, timeouts: {implicit: 0, pageLoad: 300000, script: 30000}, unhandledPromptBehavior: dismiss and notify, webauthn:extension:largeBlob: true, webauthn:virtualAuthenticators: true}
Session ID: 3ce4648cd3e8ce05c8b6ab70a412e99a
*** Element info: {Using=xpath, value=//table[@class=&#039;table table-bordered table-responsive cart_summary&#039;]/tbody/tr[1]/td[1]}">
      <![CDATA[java.lang.AssertionError: Qua thoi gian nhung khong thay hoac thay doi tuong no such element: Unable to locate element: {"method":"xpath","selector":"//table[@class='table table-bordered table-responsive cart_summary']/tbody/tr[1]/td[1]"}
  (Session info: chrome=91.0.4472.101)
For documentation on this error, please visit: https://www.seleniumhq.org/exceptions/no_such_element.html
Build info: version: '3.141.59', revision: 'e82be7d358', time: '2018-11-14T08:17:03'
System info: host: 'Sotateks-MacBook-Pro.local', ip: 'fe80:0:0:0:14e4:8314:f936:1c81%en0', os.name: 'Mac OS X', os.arch: 'x86_64', os.version: '10.16', java.version: '1.8.0_291'
Driver info: org.openqa.selenium.chrome.ChromeDriver
Capabilities {acceptInsecureCerts: false, browserName: chrome, browserVersion: 91.0.4472.101, chrome: {chromedriverVersion: 91.0.4472.101 (af52a90bf870..., userDataDir: /var/folders/m6/4rkbky096n1...}, goog:chromeOptions: {debuggerAddress: localhost:63056}, javascriptEnabled: true, networkConnectionEnabled: false, pageLoadStrategy: normal, platform: MAC, platformName: MAC, proxy: Proxy(), setWindowRect: true, strictFileInteractability: false, timeouts: {implicit: 0, pageLoad: 300000, script: 30000}, unhandledPromptBehavior: dismiss and notify, webauthn:extension:largeBlob: true, webauthn:virtualAuthenticators: true}
Session ID: 3ce4648cd3e8ce05c8b6ab70a412e99a
*** Element info: {Using=xpath, value=//table[@class='table table-bordered table-responsive cart_summary']/tbody/tr[1]/td[1]}
at org.testng.Assert.fail(Assert.java:99)
at common.CommonBase.checkCycling(CommonBase.java:208)
at common.CommonBase.getDisplayedElement(CommonBase.java:522)
at common.CommonBase.getDisplayedElement(CommonBase.java:524)
at common.CommonBase.getDisplayedElement(CommonBase.java:524)
at common.CommonBase.getDisplayedElement(CommonBase.java:524)
at common.CommonBase.getDisplayedElement(CommonBase.java:524)
at common.CommonBase.getDisplayedElement(CommonBase.java:524)
at common.CommonBase.getDisplayedElement(CommonBase.java:524)
at common.CommonBase.getDisplayedElement(CommonBase.java:524)
at common.CommonBase.getDisplayedElement(CommonBase.java:524)
at common.CommonBase.getDisplayedElement(CommonBase.java:524)
at common.CommonBase.getDisplayedElement(CommonBase.java:524)
at common.CommonBase.getDisplayedElement(CommonBase.java:524)
at common.CommonBase.getDisplayedElement(CommonBase.java:524)
at common.CommonBase.getDisplayedElement(CommonBase.java:524)
at common.CommonBase.getDisplayedElement(CommonBase.java:524)
at common.CommonBase.getDisplayedElement(CommonBase.java:524)
at common.CommonBase.getDisplayedElement(CommonBase.java:524)
at common.CommonBase.getDisplayedElement(CommonBase.java:524)
at common.CommonBase.getDisplayedElement(CommonBase.java:524)
at common.CommonBase.getDisplayedElement(CommonBase.java:524)
at common.CommonBase.getDisplayedElement(CommonBase.java:524)
at common.CommonBase.getDisplayedElement(CommonBase.java:524)
at common.CommonBase.getDisplayedElement(CommonBase.java:524)
at common.CommonBase.getDisplayedElement(CommonBase.java:524)
at common.CommonBase.getDisplayedElement(CommonBase.java:524)
at common.CommonBase.getDisplayedElement(CommonBase.java:524)
at common.CommonBase.getDisplayedElement(CommonBase.java:524)
at common.CommonBase.getDisplayedElement(CommonBase.java:524)
at common.CommonBase.getDisplayedElement(CommonBase.java:524)
at common.CommonBase.getDisplayedElement(CommonBase.java:524)
at common.CommonBase.getDisplayedElement(CommonBase.java:524)
at common.CommonBase.getDisplayedElement(CommonBase.java:524)
at common.CommonBase.getElementPresent(CommonBase.java:228)
at common.CommonBase.verifyElementText(CommonBase.java:664)
at excute.TS_ThemGioHang.TC_04_LuuSanPhamTrongGioHang(TS_ThemGioHang.java:159)
at sun.reflect.NativeMethodAccessorImpl.invoke0(Native Method)
at sun.reflect.NativeMethodAccessorImpl.invoke(NativeMethodAccessorImpl.java:62)
at sun.reflect.DelegatingMethodAccessorImpl.invoke(DelegatingMethodAccessorImpl.java:43)
at java.lang.reflect.Method.invoke(Method.java:498)
at org.testng.internal.MethodInvocationHelper.invokeMethod(MethodInvocationHelper.java:132)
at org.testng.internal.TestInvoker.invokeMethod(TestInvoker.java:599)
at org.testng.internal.TestInvoker.invokeTestMethod(TestInvoker.java:174)
at org.testng.internal.MethodRunner.runInSequence(MethodRunner.java:46)
at org.testng.internal.TestInvoker$MethodInvocationAgent.invoke(TestInvoker.java:822)
at org.testng.internal.TestInvoker.invokeTestMethods(TestInvoker.java:147)
at org.testng.internal.TestMethodWorker.invokeTestMethods(TestMethodWorker.java:146)
at org.testng.internal.TestMethodWorker.run(TestMethodWorker.java:128)
at java.util.ArrayList.forEach(ArrayList.java:1259)
at org.testng.TestRunner.privateRun(TestRunner.java:764)
at org.testng.TestRunner.run(TestRunner.java:585)
at org.testng.SuiteRunner.runTest(SuiteRunner.java:384)
at org.testng.SuiteRunner.runSequentially(SuiteRunner.java:378)
at org.testng.SuiteRunner.privateRun(SuiteRunner.java:337)
at org.testng.SuiteRunner.run(SuiteRunner.java:286)
at org.testng.SuiteRunnerWorker.runSuite(SuiteRunnerWorker.java:53)
at org.testng.SuiteRunnerWorker.run(SuiteRunnerWorker.java:96)
at org.testng.TestNG.runSuitesSequentially(TestNG.java:1218)
at org.testng.TestNG.runSuitesLocally(TestNG.java:1140)
at org.testng.TestNG.runSuites(TestNG.java:1069)
at org.testng.TestNG.run(TestNG.java:1037)
at org.testng.remote.AbstractRemoteTestNG.run(AbstractRemoteTestNG.java:115)
at org.testng.remote.RemoteTestNG.initAndRun(RemoteTestNG.java:251)
at org.testng.remote.RemoteTestNG.main(RemoteTestNG.java:77)
]]>
    </failure>
  </testcase> <!-- TC_04_LuuSanPhamTrongGioHang -->
  <system-out/>
  <testcase name="TC_03_GioHangChuaDangNhap" time="23.622" classname="excute.TS_ThemGioHang">
    <failure type="java.lang.AssertionError" message="Qua thoi gian nhung khong thay hoac thay doi tuong no such element: Unable to locate element: {&quot;method&quot;:&quot;xpath&quot;,&quot;selector&quot;:&quot;//input[@name=&#039;keyword&#039;]&quot;}
  (Session info: chrome=91.0.4472.101)
For documentation on this error, please visit: https://www.seleniumhq.org/exceptions/no_such_element.html
Build info: version: &#039;3.141.59&#039;, revision: &#039;e82be7d358&#039;, time: &#039;2018-11-14T08:17:03&#039;
System info: host: &#039;Sotateks-MacBook-Pro.local&#039;, ip: &#039;fe80:0:0:0:14e4:8314:f936:1c81%en0&#039;, os.name: &#039;Mac OS X&#039;, os.arch: &#039;x86_64&#039;, os.version: &#039;10.16&#039;, java.version: &#039;1.8.0_291&#039;
Driver info: org.openqa.selenium.chrome.ChromeDriver
Capabilities {acceptInsecureCerts: false, browserName: chrome, browserVersion: 91.0.4472.101, chrome: {chromedriverVersion: 91.0.4472.101 (af52a90bf870..., userDataDir: /var/folders/m6/4rkbky096n1...}, goog:chromeOptions: {debuggerAddress: localhost:63008}, javascriptEnabled: true, networkConnectionEnabled: false, pageLoadStrategy: normal, platform: MAC, platformName: MAC, proxy: Proxy(), setWindowRect: true, strictFileInteractability: false, timeouts: {implicit: 0, pageLoad: 300000, script: 30000}, unhandledPromptBehavior: dismiss and notify, webauthn:extension:largeBlob: true, webauthn:virtualAuthenticators: true}
Session ID: d198edbd86bd5e92d1871997f7ffa5f2
*** Element info: {Using=xpath, value=//input[@name=&#039;keyword&#039;]}">
      <![CDATA[java.lang.AssertionError: Qua thoi gian nhung khong thay hoac thay doi tuong no such element: Unable to locate element: {"method":"xpath","selector":"//input[@name='keyword']"}
  (Session info: chrome=91.0.4472.101)
For documentation on this error, please visit: https://www.seleniumhq.org/exceptions/no_such_element.html
Build info: version: '3.141.59', revision: 'e82be7d358', time: '2018-11-14T08:17:03'
System info: host: 'Sotateks-MacBook-Pro.local', ip: 'fe80:0:0:0:14e4:8314:f936:1c81%en0', os.name: 'Mac OS X', os.arch: 'x86_64', os.version: '10.16', java.version: '1.8.0_291'
Driver info: org.openqa.selenium.chrome.ChromeDriver
Capabilities {acceptInsecureCerts: false, browserName: chrome, browserVersion: 91.0.4472.101, chrome: {chromedriverVersion: 91.0.4472.101 (af52a90bf870..., userDataDir: /var/folders/m6/4rkbky096n1...}, goog:chromeOptions: {debuggerAddress: localhost:63008}, javascriptEnabled: true, networkConnectionEnabled: false, pageLoadStrategy: normal, platform: MAC, platformName: MAC, proxy: Proxy(), setWindowRect: true, strictFileInteractability: false, timeouts: {implicit: 0, pageLoad: 300000, script: 30000}, unhandledPromptBehavior: dismiss and notify, webauthn:extension:largeBlob: true, webauthn:virtualAuthenticators: true}
Session ID: d198edbd86bd5e92d1871997f7ffa5f2
*** Element info: {Using=xpath, value=//input[@name='keyword']}
at org.testng.Assert.fail(Assert.java:99)
at common.CommonBase.checkCycling(CommonBase.java:208)
at common.CommonBase.getElement(CommonBase.java:194)
at common.CommonBase.getElement(CommonBase.java:196)
at common.CommonBase.getElement(CommonBase.java:196)
at common.CommonBase.getElement(CommonBase.java:196)
at common.CommonBase.getElement(CommonBase.java:196)
at common.CommonBase.getElement(CommonBase.java:196)
at common.CommonBase.getElement(CommonBase.java:196)
at common.CommonBase.getElement(CommonBase.java:196)
at common.CommonBase.getElement(CommonBase.java:196)
at common.CommonBase.getElement(CommonBase.java:196)
at common.CommonBase.getElement(CommonBase.java:196)
at common.CommonBase.getElement(CommonBase.java:196)
at common.CommonBase.click(CommonBase.java:565)
at excute.TS_ThemGioHang.TC_03_GioHangChuaDangNhap(TS_ThemGioHang.java:105)
at sun.reflect.NativeMethodAccessorImpl.invoke0(Native Method)
at sun.reflect.NativeMethodAccessorImpl.invoke(NativeMethodAccessorImpl.java:62)
at sun.reflect.DelegatingMethodAccessorImpl.invoke(DelegatingMethodAccessorImpl.java:43)
at java.lang.reflect.Method.invoke(Method.java:498)
at org.testng.internal.MethodInvocationHelper.invokeMethod(MethodInvocationHelper.java:132)
at org.testng.internal.TestInvoker.invokeMethod(TestInvoker.java:599)
at org.testng.internal.TestInvoker.invokeTestMethod(TestInvoker.java:174)
at org.testng.internal.MethodRunner.runInSequence(MethodRunner.java:46)
at org.testng.internal.TestInvoker$MethodInvocationAgent.invoke(TestInvoker.java:822)
at org.testng.internal.TestInvoker.invokeTestMethods(TestInvoker.java:147)
at org.testng.internal.TestMethodWorker.invokeTestMethods(TestMethodWorker.java:146)
at org.testng.internal.TestMethodWorker.run(TestMethodWorker.java:128)
at java.util.ArrayList.forEach(ArrayList.java:1259)
at org.testng.TestRunner.privateRun(TestRunner.java:764)
at org.testng.TestRunner.run(TestRunner.java:585)
at org.testng.SuiteRunner.runTest(SuiteRunner.java:384)
at org.testng.SuiteRunner.runSequentially(SuiteRunner.java:378)
at org.testng.SuiteRunner.privateRun(SuiteRunner.java:337)
at org.testng.SuiteRunner.run(SuiteRunner.java:286)
at org.testng.SuiteRunnerWorker.runSuite(SuiteRunnerWorker.java:53)
at org.testng.SuiteRunnerWorker.run(SuiteRunnerWorker.java:96)
at org.testng.TestNG.runSuitesSequentially(TestNG.java:1218)
at org.testng.TestNG.runSuitesLocally(TestNG.java:1140)
at org.testng.TestNG.runSuites(TestNG.java:1069)
at org.testng.TestNG.run(TestNG.java:1037)
at org.testng.remote.AbstractRemoteTestNG.run(AbstractRemoteTestNG.java:115)
at org.testng.remote.RemoteTestNG.initAndRun(RemoteTestNG.java:251)
at org.testng.remote.RemoteTestNG.main(RemoteTestNG.java:77)
]]>
    </failure>
  </testcase> <!-- TC_03_GioHangChuaDangNhap -->
  <system-out/>
  <testcase name="TC_02_ThemGioHangNhieuSanPham" time="23.332" classname="excute.TS_ThemGioHang"/>
  <system-out/>
  <testcase name="TC_01_ThemGioHangMotSanPham" time="22.169" classname="excute.TS_ThemGioHang">
    <failure type="java.lang.AssertionError" message="So sanh khong bang nhau: 252.000 va 252,000 VNĐ expected [false] but found [true]">
      <![CDATA[java.lang.AssertionError: So sanh khong bang nhau: 252.000 va 252,000 VNĐ expected [false] but found [true]
at org.testng.Assert.fail(Assert.java:99)
at org.testng.Assert.failNotEquals(Assert.java:1037)
at org.testng.Assert.assertFalse(Assert.java:67)
at common.CommonBase.verifyCompare(CommonBase.java:614)
at excute.TS_ThemGioHang.TC_01_ThemGioHangMotSanPham(TS_ThemGioHang.java:51)
at sun.reflect.NativeMethodAccessorImpl.invoke0(Native Method)
at sun.reflect.NativeMethodAccessorImpl.invoke(NativeMethodAccessorImpl.java:62)
at sun.reflect.DelegatingMethodAccessorImpl.invoke(DelegatingMethodAccessorImpl.java:43)
at java.lang.reflect.Method.invoke(Method.java:498)
at org.testng.internal.MethodInvocationHelper.invokeMethod(MethodInvocationHelper.java:132)
at org.testng.internal.TestInvoker.invokeMethod(TestInvoker.java:599)
at org.testng.internal.TestInvoker.invokeTestMethod(TestInvoker.java:174)
at org.testng.internal.MethodRunner.runInSequence(MethodRunner.java:46)
at org.testng.internal.TestInvoker$MethodInvocationAgent.invoke(TestInvoker.java:822)
at org.testng.internal.TestInvoker.invokeTestMethods(TestInvoker.java:147)
at org.testng.internal.TestMethodWorker.invokeTestMethods(TestMethodWorker.java:146)
at org.testng.internal.TestMethodWorker.run(TestMethodWorker.java:128)
at java.util.ArrayList.forEach(ArrayList.java:1259)
at org.testng.TestRunner.privateRun(TestRunner.java:764)
at org.testng.TestRunner.run(TestRunner.java:585)
at org.testng.SuiteRunner.runTest(SuiteRunner.java:384)
at org.testng.SuiteRunner.runSequentially(SuiteRunner.java:378)
at org.testng.SuiteRunner.privateRun(SuiteRunner.java:337)
at org.testng.SuiteRunner.run(SuiteRunner.java:286)
at org.testng.SuiteRunnerWorker.runSuite(SuiteRunnerWorker.java:53)
at org.testng.SuiteRunnerWorker.run(SuiteRunnerWorker.java:96)
at org.testng.TestNG.runSuitesSequentially(TestNG.java:1218)
at org.testng.TestNG.runSuitesLocally(TestNG.java:1140)
at org.testng.TestNG.runSuites(TestNG.java:1069)
at org.testng.TestNG.run(TestNG.java:1037)
at org.testng.remote.AbstractRemoteTestNG.run(AbstractRemoteTestNG.java:115)
at org.testng.remote.RemoteTestNG.initAndRun(RemoteTestNG.java:251)
at org.testng.remote.RemoteTestNG.main(RemoteTestNG.java:77)
]]>
    </failure>
  </testcase> <!-- TC_01_ThemGioHangMotSanPham -->
  <system-out/>
</testsuite> <!-- excute.TS_ThemGioHang -->
